<?xml version="1.0" encoding="UTF-8"?>
<coverage generated="1525450394">
  <project timestamp="1525450394">
    <package name="Boucle">
      <file name="/home/kevin/sandbox/PHP/boucle/src/Boucle.php">
        <class name="Boucle\Boucle" namespace="Boucle">
          <metrics complexity="10" methods="5" coveredmethods="0" conditionals="0" coveredconditionals="0" statements="31" coveredstatements="0" elements="36" coveredelements="0"/>
        </class>
        <line num="25" type="method" name="__construct" visibility="public" complexity="4" crap="20.00" count="0"/>
        <line num="26" type="stmt" count="0"/>
        <line num="27" type="stmt" count="0"/>
        <line num="28" type="stmt" count="0"/>
        <line num="29" type="stmt" count="0"/>
        <line num="31" type="stmt" count="0"/>
        <line num="32" type="stmt" count="0"/>
        <line num="33" type="stmt" count="0"/>
        <line num="35" type="stmt" count="0"/>
        <line num="36" type="stmt" count="0"/>
        <line num="37" type="stmt" count="0"/>
        <line num="38" type="stmt" count="0"/>
        <line num="39" type="stmt" count="0"/>
        <line num="41" type="method" name="title" visibility="public" complexity="1" crap="2.00" count="0"/>
        <line num="42" type="stmt" count="0"/>
        <line num="43" type="stmt" count="0"/>
        <line num="44" type="stmt" count="0"/>
        <line num="46" type="method" name="mapTileLayerUrl" visibility="public" complexity="3" crap="12.00" count="0"/>
        <line num="47" type="stmt" count="0"/>
        <line num="48" type="stmt" count="0"/>
        <line num="49" type="stmt" count="0"/>
        <line num="50" type="stmt" count="0"/>
        <line num="51" type="stmt" count="0"/>
        <line num="52" type="stmt" count="0"/>
        <line num="53" type="stmt" count="0"/>
        <line num="54" type="stmt" count="0"/>
        <line num="55" type="stmt" count="0"/>
        <line num="56" type="stmt" count="0"/>
        <line num="58" type="method" name="mapApiKey" visibility="public" complexity="1" crap="2.00" count="0"/>
        <line num="59" type="stmt" count="0"/>
        <line num="60" type="stmt" count="0"/>
        <line num="61" type="stmt" count="0"/>
        <line num="66" type="method" name="steps" visibility="public" complexity="1" crap="2.00" count="0"/>
        <line num="67" type="stmt" count="0"/>
        <line num="68" type="stmt" count="0"/>
        <line num="69" type="stmt" count="0"/>
        <metrics loc="69" ncloc="62" classes="1" methods="5" coveredmethods="0" conditionals="0" coveredconditionals="0" statements="31" coveredstatements="0" elements="36" coveredelements="0"/>
      </file>
      <file name="/home/kevin/sandbox/PHP/boucle/src/Coordinates.php">
        <class name="Boucle\Coordinates" namespace="Boucle">
          <metrics complexity="3" methods="3" coveredmethods="0" conditionals="0" coveredconditionals="0" statements="10" coveredstatements="0" elements="13" coveredelements="0"/>
        </class>
        <line num="15" type="method" name="__construct" visibility="public" complexity="1" crap="2.00" count="0"/>
        <line num="16" type="stmt" count="0"/>
        <line num="17" type="stmt" count="0"/>
        <line num="18" type="stmt" count="0"/>
        <line num="19" type="stmt" count="0"/>
        <line num="21" type="method" name="latitude" visibility="public" complexity="1" crap="2.00" count="0"/>
        <line num="22" type="stmt" count="0"/>
        <line num="23" type="stmt" count="0"/>
        <line num="24" type="stmt" count="0"/>
        <line num="26" type="method" name="longitude" visibility="public" complexity="1" crap="2.00" count="0"/>
        <line num="27" type="stmt" count="0"/>
        <line num="28" type="stmt" count="0"/>
        <line num="29" type="stmt" count="0"/>
        <metrics loc="30" ncloc="28" classes="1" methods="3" coveredmethods="0" conditionals="0" coveredconditionals="0" statements="10" coveredstatements="0" elements="13" coveredelements="0"/>
      </file>
      <file name="/home/kevin/sandbox/PHP/boucle/src/Place.php">
        <class name="Boucle\Place" namespace="Boucle">
          <metrics complexity="4" methods="4" coveredmethods="0" conditionals="0" coveredconditionals="0" statements="13" coveredstatements="0" elements="17" coveredelements="0"/>
        </class>
        <line num="15" type="method" name="__construct" visibility="public" complexity="1" crap="2.00" count="0"/>
        <line num="16" type="stmt" count="0"/>
        <line num="17" type="stmt" count="0"/>
        <line num="18" type="stmt" count="0"/>
        <line num="19" type="stmt" count="0"/>
        <line num="21" type="method" name="name" visibility="public" complexity="1" crap="2.00" count="0"/>
        <line num="22" type="stmt" count="0"/>
        <line num="23" type="stmt" count="0"/>
        <line num="24" type="stmt" count="0"/>
        <line num="26" type="method" name="latitude" visibility="public" complexity="1" crap="2.00" count="0"/>
        <line num="27" type="stmt" count="0"/>
        <line num="28" type="stmt" count="0"/>
        <line num="29" type="stmt" count="0"/>
        <line num="31" type="method" name="longitude" visibility="public" complexity="1" crap="2.00" count="0"/>
        <line num="32" type="stmt" count="0"/>
        <line num="33" type="stmt" count="0"/>
        <line num="34" type="stmt" count="0"/>
        <metrics loc="35" ncloc="33" classes="1" methods="4" coveredmethods="0" conditionals="0" coveredconditionals="0" statements="13" coveredstatements="0" elements="17" coveredelements="0"/>
      </file>
      <file name="/home/kevin/sandbox/PHP/boucle/src/Step.php">
        <class name="Boucle\Step" namespace="Boucle">
          <metrics complexity="5" methods="5" coveredmethods="0" conditionals="0" coveredconditionals="0" statements="18" coveredstatements="0" elements="23" coveredelements="0"/>
        </class>
        <line num="21" type="method" name="__construct" visibility="public" complexity="1" crap="2.00" count="0"/>
        <line num="22" type="stmt" count="0"/>
        <line num="23" type="stmt" count="0"/>
        <line num="24" type="stmt" count="0"/>
        <line num="25" type="stmt" count="0"/>
        <line num="26" type="stmt" count="0"/>
        <line num="27" type="stmt" count="0"/>
        <line num="29" type="method" name="from" visibility="public" complexity="1" crap="2.00" count="0"/>
        <line num="30" type="stmt" count="0"/>
        <line num="31" type="stmt" count="0"/>
        <line num="32" type="stmt" count="0"/>
        <line num="34" type="method" name="to" visibility="public" complexity="1" crap="2.00" count="0"/>
        <line num="35" type="stmt" count="0"/>
        <line num="36" type="stmt" count="0"/>
        <line num="37" type="stmt" count="0"/>
        <line num="39" type="method" name="date" visibility="public" complexity="1" crap="2.00" count="0"/>
        <line num="40" type="stmt" count="0"/>
        <line num="41" type="stmt" count="0"/>
        <line num="42" type="stmt" count="0"/>
        <line num="44" type="method" name="transport" visibility="public" complexity="1" crap="2.00" count="0"/>
        <line num="45" type="stmt" count="0"/>
        <line num="46" type="stmt" count="0"/>
        <line num="47" type="stmt" count="0"/>
        <metrics loc="48" ncloc="44" classes="1" methods="5" coveredmethods="0" conditionals="0" coveredconditionals="0" statements="18" coveredstatements="0" elements="23" coveredelements="0"/>
      </file>
      <file name="/home/kevin/sandbox/PHP/boucle/src/Transport.php">
        <class name="Boucle\Transport" namespace="Boucle">
          <metrics complexity="1" methods="1" coveredmethods="0" conditionals="0" coveredconditionals="0" statements="4" coveredstatements="0" elements="5" coveredelements="0"/>
        </class>
        <line num="20" type="method" name="consts" visibility="public" complexity="1" crap="2.00" count="0"/>
        <line num="21" type="stmt" count="0"/>
        <line num="23" type="stmt" count="0"/>
        <line num="24" type="stmt" count="0"/>
        <line num="25" type="stmt" count="0"/>
        <metrics loc="26" ncloc="23" classes="1" methods="1" coveredmethods="0" conditionals="0" coveredconditionals="0" statements="4" coveredstatements="0" elements="5" coveredelements="0"/>
      </file>
    </package>
    <package name="Boucle\Cli">
      <file name="/home/kevin/sandbox/PHP/boucle/src/Cli/Application.php">
        <class name="Boucle\Cli\Application" namespace="Boucle\Cli">
          <metrics complexity="5" methods="4" coveredmethods="2" conditionals="0" coveredconditionals="0" statements="22" coveredstatements="13" elements="26" coveredelements="15"/>
        </class>
        <line num="17" type="method" name="__construct" visibility="public" complexity="1" crap="1" count="2"/>
        <line num="19" type="stmt" count="2"/>
        <line num="21" type="stmt" count="2"/>
        <line num="22" type="stmt" count="2"/>
        <line num="24" type="method" name="run" visibility="public" complexity="1" crap="1" count="1"/>
        <line num="26" type="stmt" count="1"/>
        <line num="28" type="stmt" count="1"/>
        <line num="31" type="method" name="registerCommands" visibility="private" complexity="2" crap="2.50" count="1"/>
        <line num="35" type="stmt" count="0"/>
        <line num="37" type="stmt" count="0"/>
        <line num="38" type="stmt" count="1"/>
        <line num="39" type="stmt" count="1"/>
        <line num="43" type="stmt" count="0"/>
        <line num="44" type="stmt" count="1"/>
        <line num="45" type="stmt" count="1"/>
        <line num="49" type="stmt" count="0"/>
        <line num="50" type="stmt" count="0"/>
        <line num="53" type="stmt" count="0"/>
        <line num="54" type="stmt" count="0"/>
        <line num="56" type="stmt" count="0"/>
        <line num="57" type="stmt" count="1"/>
        <line num="58" type="stmt" count="1"/>
        <line num="59" type="stmt" count="1"/>
        <line num="60" type="stmt" count="1"/>
        <line num="62" type="method" name="service" visibility="private" complexity="1" crap="2.00" count="0"/>
        <line num="64" type="stmt" count="0"/>
        <metrics loc="66" ncloc="66" classes="1" methods="4" coveredmethods="2" conditionals="0" coveredconditionals="0" statements="22" coveredstatements="13" elements="26" coveredelements="15"/>
      </file>
      <file name="/home/kevin/sandbox/PHP/boucle/src/Cli/Container.php">
        <class name="Boucle\Cli\Container" namespace="Boucle\Cli">
          <metrics complexity="6" methods="6" coveredmethods="1" conditionals="0" coveredconditionals="0" statements="29" coveredstatements="14" elements="35" coveredelements="15"/>
        </class>
        <line num="15" type="method" name="__construct" visibility="public" complexity="1" crap="1" count="3"/>
        <line num="17" type="stmt" count="3"/>
        <line num="19" type="stmt" count="3"/>
        <line num="20" type="stmt" count="3"/>
        <line num="22" type="method" name="configure" visibility="private" complexity="1" crap="1.00" count="3"/>
        <line num="24" type="stmt" count="3"/>
        <line num="25" type="stmt" count="3"/>
        <line num="27" type="stmt" count="3"/>
        <line num="28" type="stmt" count="3"/>
        <line num="29" type="stmt" count="3"/>
        <line num="30" type="stmt" count="3"/>
        <line num="33" type="stmt" count="0"/>
        <line num="35" type="stmt" count="3"/>
        <line num="37" type="method" name="geocoder" visibility="private" complexity="1" crap="1.42" count="3"/>
        <line num="40" type="stmt" count="0"/>
        <line num="41" type="stmt" count="0"/>
        <line num="43" type="stmt" count="0"/>
        <line num="45" type="stmt" count="3"/>
        <line num="47" type="method" name="templating" visibility="private" complexity="1" crap="1.42" count="3"/>
        <line num="50" type="stmt" count="0"/>
        <line num="52" type="stmt" count="0"/>
        <line num="53" type="stmt" count="0"/>
        <line num="56" type="stmt" count="3"/>
        <line num="58" type="method" name="compilers" visibility="private" complexity="1" crap="1.30" count="3"/>
        <line num="61" type="stmt" count="0"/>
        <line num="65" type="stmt" count="0"/>
        <line num="67" type="stmt" count="3"/>
        <line num="69" type="method" name="commands" visibility="private" complexity="1" crap="1.63" count="3"/>
        <line num="72" type="stmt" count="0"/>
        <line num="76" type="stmt" count="0"/>
        <line num="80" type="stmt" count="0"/>
        <line num="81" type="stmt" count="0"/>
        <line num="82" type="stmt" count="0"/>
        <line num="83" type="stmt" count="0"/>
        <line num="86" type="stmt" count="3"/>
        <metrics loc="87" ncloc="87" classes="1" methods="6" coveredmethods="1" conditionals="0" coveredconditionals="0" statements="29" coveredstatements="14" elements="35" coveredelements="15"/>
      </file>
    </package>
    <package name="Boucle\Cli\Command">
      <file name="/home/kevin/sandbox/PHP/boucle/src/Cli/Command/Build.php">
        <class name="Boucle\Cli\Command\Build" namespace="Boucle\Cli\Command">
          <metrics complexity="2" methods="2" coveredmethods="0" conditionals="0" coveredconditionals="0" statements="13" coveredstatements="0" elements="15" coveredelements="0"/>
        </class>
        <line num="22" type="method" name="__construct" visibility="public" complexity="1" crap="2.00" count="0"/>
        <line num="23" type="stmt" count="0"/>
        <line num="24" type="stmt" count="0"/>
        <line num="25" type="stmt" count="0"/>
        <line num="26" type="stmt" count="0"/>
        <line num="27" type="stmt" count="0"/>
        <line num="29" type="method" name="run" visibility="public" complexity="1" crap="2.00" count="0"/>
        <line num="30" type="stmt" count="0"/>
        <line num="31" type="stmt" count="0"/>
        <line num="33" type="stmt" count="0"/>
        <line num="35" type="stmt" count="0"/>
        <line num="37" type="stmt" count="0"/>
        <line num="39" type="stmt" count="0"/>
        <line num="41" type="stmt" count="0"/>
        <line num="42" type="stmt" count="0"/>
        <metrics loc="43" ncloc="40" classes="1" methods="2" coveredmethods="0" conditionals="0" coveredconditionals="0" statements="13" coveredstatements="0" elements="15" coveredelements="0"/>
      </file>
      <file name="/home/kevin/sandbox/PHP/boucle/src/Cli/Command/CopyDist.php">
        <class name="Boucle\Cli\Command\CopyDist" namespace="Boucle\Cli\Command">
          <metrics complexity="3" methods="2" coveredmethods="2" conditionals="0" coveredconditionals="0" statements="6" coveredstatements="6" elements="8" coveredelements="8"/>
        </class>
        <line num="18" type="method" name="__construct" visibility="public" complexity="2" crap="2" count="1"/>
        <line num="20" type="stmt" count="1"/>
        <line num="21" type="stmt" count="1"/>
        <line num="22" type="stmt" count="1"/>
        <line num="24" type="method" name="run" visibility="public" complexity="1" crap="1" count="1"/>
        <line num="26" type="stmt" count="1"/>
        <line num="28" type="stmt" count="1"/>
        <line num="29" type="stmt" count="1"/>
        <metrics loc="30" ncloc="28" classes="1" methods="2" coveredmethods="2" conditionals="0" coveredconditionals="0" statements="6" coveredstatements="6" elements="8" coveredelements="8"/>
      </file>
      <file name="/home/kevin/sandbox/PHP/boucle/src/Cli/Command/ListSteps.php">
        <class name="Boucle\Cli\Command\ListSteps" namespace="Boucle\Cli\Command">
          <metrics complexity="3" methods="2" coveredmethods="0" conditionals="0" coveredconditionals="0" statements="17" coveredstatements="0" elements="19" coveredelements="0"/>
        </class>
        <line num="16" type="method" name="__construct" visibility="public" complexity="1" crap="2.00" count="0"/>
        <line num="17" type="stmt" count="0"/>
        <line num="18" type="stmt" count="0"/>
        <line num="19" type="stmt" count="0"/>
        <line num="21" type="method" name="run" visibility="public" complexity="2" crap="6.00" count="0"/>
        <line num="22" type="stmt" count="0"/>
        <line num="23" type="stmt" count="0"/>
        <line num="25" type="stmt" count="0"/>
        <line num="26" type="stmt" count="0"/>
        <line num="28" type="stmt" count="0"/>
        <line num="29" type="stmt" count="0"/>
        <line num="30" type="stmt" count="0"/>
        <line num="31" type="stmt" count="0"/>
        <line num="32" type="stmt" count="0"/>
        <line num="33" type="stmt" count="0"/>
        <line num="34" type="stmt" count="0"/>
        <line num="35" type="stmt" count="0"/>
        <line num="37" type="stmt" count="0"/>
        <line num="38" type="stmt" count="0"/>
        <metrics loc="39" ncloc="38" classes="1" methods="2" coveredmethods="0" conditionals="0" coveredconditionals="0" statements="17" coveredstatements="0" elements="19" coveredelements="0"/>
      </file>
    </package>
    <package name="Boucle\Compiler">
      <file name="/home/kevin/sandbox/PHP/boucle/src/Compiler/BoucleToJson.php">
        <class name="Boucle\Compiler\BoucleToJson" namespace="Boucle\Compiler">
          <metrics complexity="5" methods="3" coveredmethods="0" conditionals="0" coveredconditionals="0" statements="23" coveredstatements="0" elements="26" coveredelements="0"/>
        </class>
        <line num="17" type="method" name="__construct" visibility="public" complexity="2" crap="6.00" count="0"/>
        <line num="18" type="stmt" count="0"/>
        <line num="19" type="stmt" count="0"/>
        <line num="20" type="stmt" count="0"/>
        <line num="22" type="method" name="compile" visibility="public" complexity="2" crap="6.00" count="0"/>
        <line num="23" type="stmt" count="0"/>
        <line num="24" type="stmt" count="0"/>
        <line num="25" type="stmt" count="0"/>
        <line num="26" type="stmt" count="0"/>
        <line num="28" type="stmt" count="0"/>
        <line num="29" type="stmt" count="0"/>
        <line num="30" type="stmt" count="0"/>
        <line num="31" type="stmt" count="0"/>
        <line num="32" type="stmt" count="0"/>
        <line num="33" type="stmt" count="0"/>
        <line num="34" type="stmt" count="0"/>
        <line num="36" type="stmt" count="0"/>
        <line num="37" type="stmt" count="0"/>
        <line num="39" type="method" name="compilePlace" visibility="private" complexity="1" crap="2.00" count="0"/>
        <line num="40" type="stmt" count="0"/>
        <line num="41" type="stmt" count="0"/>
        <line num="42" type="stmt" count="0"/>
        <line num="43" type="stmt" count="0"/>
        <line num="44" type="stmt" count="0"/>
        <line num="45" type="stmt" count="0"/>
        <line num="46" type="stmt" count="0"/>
        <metrics loc="47" ncloc="46" classes="1" methods="3" coveredmethods="0" conditionals="0" coveredconditionals="0" statements="23" coveredstatements="0" elements="26" coveredelements="0"/>
      </file>
      <file name="/home/kevin/sandbox/PHP/boucle/src/Compiler/MapView.php">
        <class name="Boucle\Compiler\MapView" namespace="Boucle\Compiler">
          <metrics complexity="3" methods="2" coveredmethods="0" conditionals="0" coveredconditionals="0" statements="12" coveredstatements="0" elements="14" coveredelements="0"/>
        </class>
        <line num="18" type="method" name="__construct" visibility="public" complexity="2" crap="6.00" count="0"/>
        <line num="19" type="stmt" count="0"/>
        <line num="20" type="stmt" count="0"/>
        <line num="21" type="stmt" count="0"/>
        <line num="22" type="stmt" count="0"/>
        <line num="24" type="method" name="compile" visibility="public" complexity="1" crap="2.00" count="0"/>
        <line num="25" type="stmt" count="0"/>
        <line num="26" type="stmt" count="0"/>
        <line num="27" type="stmt" count="0"/>
        <line num="28" type="stmt" count="0"/>
        <line num="29" type="stmt" count="0"/>
        <line num="30" type="stmt" count="0"/>
        <line num="32" type="stmt" count="0"/>
        <line num="33" type="stmt" count="0"/>
        <metrics loc="34" ncloc="32" classes="1" methods="2" coveredmethods="0" conditionals="0" coveredconditionals="0" statements="12" coveredstatements="0" elements="14" coveredelements="0"/>
      </file>
    </package>
    <package name="Boucle\Config">
      <file name="/home/kevin/sandbox/PHP/boucle/src/Config/BoucleConfiguration.php">
        <class name="Boucle\Config\BoucleConfiguration" namespace="Boucle\Config">
          <metrics complexity="1" methods="1" coveredmethods="0" conditionals="0" coveredconditionals="0" statements="30" coveredstatements="0" elements="31" coveredelements="0"/>
        </class>
        <line num="14" type="method" name="getConfigTreeBuilder" visibility="public" complexity="1" crap="2.00" count="0"/>
        <line num="15" type="stmt" count="0"/>
        <line num="16" type="stmt" count="0"/>
        <line num="17" type="stmt" count="0"/>
        <line num="19" type="stmt" count="0"/>
        <line num="20" type="stmt" count="0"/>
        <line num="21" type="stmt" count="0"/>
        <line num="23" type="stmt" count="0"/>
        <line num="24" type="stmt" count="0"/>
        <line num="25" type="stmt" count="0"/>
        <line num="26" type="stmt" count="0"/>
        <line num="27" type="stmt" count="0"/>
        <line num="28" type="stmt" count="0"/>
        <line num="30" type="stmt" count="0"/>
        <line num="32" type="stmt" count="0"/>
        <line num="33" type="stmt" count="0"/>
        <line num="34" type="stmt" count="0"/>
        <line num="35" type="stmt" count="0"/>
        <line num="36" type="stmt" count="0"/>
        <line num="37" type="stmt" count="0"/>
        <line num="38" type="stmt" count="0"/>
        <line num="39" type="stmt" count="0"/>
        <line num="40" type="stmt" count="0"/>
        <line num="41" type="stmt" count="0"/>
        <line num="42" type="stmt" count="0"/>
        <line num="43" type="stmt" count="0"/>
        <line num="44" type="stmt" count="0"/>
        <line num="45" type="stmt" count="0"/>
        <line num="46" type="stmt" count="0"/>
        <line num="48" type="stmt" count="0"/>
        <line num="49" type="stmt" count="0"/>
        <metrics loc="50" ncloc="50" classes="1" methods="1" coveredmethods="0" conditionals="0" coveredconditionals="0" statements="30" coveredstatements="0" elements="31" coveredelements="0"/>
      </file>
      <file name="/home/kevin/sandbox/PHP/boucle/src/Config/BoucleParser.php">
        <class name="Boucle\Config\BoucleParser" namespace="Boucle\Config">
          <metrics complexity="10" methods="5" coveredmethods="0" conditionals="0" coveredconditionals="0" statements="44" coveredstatements="0" elements="49" coveredelements="0"/>
        </class>
        <line num="23" type="method" name="__construct" visibility="public" complexity="1" crap="2.00" count="0"/>
        <line num="24" type="stmt" count="0"/>
        <line num="25" type="stmt" count="0"/>
        <line num="26" type="stmt" count="0"/>
        <line num="28" type="method" name="read" visibility="public" complexity="2" crap="6.00" count="0"/>
        <line num="29" type="stmt" count="0"/>
        <line num="30" type="stmt" count="0"/>
        <line num="32" type="stmt" count="0"/>
        <line num="33" type="stmt" count="0"/>
        <line num="34" type="stmt" count="0"/>
        <line num="35" type="stmt" count="0"/>
        <line num="36" type="stmt" count="0"/>
        <line num="38" type="stmt" count="0"/>
        <line num="40" type="stmt" count="0"/>
        <line num="41" type="stmt" count="0"/>
        <line num="42" type="stmt" count="0"/>
        <line num="43" type="stmt" count="0"/>
        <line num="44" type="stmt" count="0"/>
        <line num="45" type="stmt" count="0"/>
        <line num="46" type="stmt" count="0"/>
        <line num="51" type="method" name="readSteps" visibility="private" complexity="3" crap="12.00" count="0"/>
        <line num="52" type="stmt" count="0"/>
        <line num="53" type="stmt" count="0"/>
        <line num="54" type="stmt" count="0"/>
        <line num="56" type="stmt" count="0"/>
        <line num="57" type="stmt" count="0"/>
        <line num="58" type="stmt" count="0"/>
        <line num="60" type="stmt" count="0"/>
        <line num="61" type="stmt" count="0"/>
        <line num="63" type="method" name="buildStep" visibility="private" complexity="3" crap="12.00" count="0"/>
        <line num="64" type="stmt" count="0"/>
        <line num="65" type="stmt" count="0"/>
        <line num="66" type="stmt" count="0"/>
        <line num="67" type="stmt" count="0"/>
        <line num="69" type="stmt" count="0"/>
        <line num="70" type="stmt" count="0"/>
        <line num="71" type="stmt" count="0"/>
        <line num="72" type="stmt" count="0"/>
        <line num="73" type="stmt" count="0"/>
        <line num="74" type="stmt" count="0"/>
        <line num="75" type="stmt" count="0"/>
        <line num="77" type="method" name="geocode" visibility="private" complexity="1" crap="2.00" count="0"/>
        <line num="78" type="stmt" count="0"/>
        <line num="79" type="stmt" count="0"/>
        <line num="81" type="stmt" count="0"/>
        <line num="82" type="stmt" count="0"/>
        <line num="83" type="stmt" count="0"/>
        <line num="84" type="stmt" count="0"/>
        <line num="85" type="stmt" count="0"/>
        <metrics loc="86" ncloc="82" classes="1" methods="5" coveredmethods="0" conditionals="0" coveredconditionals="0" statements="44" coveredstatements="0" elements="49" coveredelements="0"/>
      </file>
      <file name="/home/kevin/sandbox/PHP/boucle/src/Config/InvalidConfiguration.php">
        <class name="Boucle\Config\InvalidConfiguration" namespace="Boucle\Config">
          <metrics complexity="1" methods="1" coveredmethods="0" conditionals="0" coveredconditionals="0" statements="3" coveredstatements="0" elements="4" coveredelements="0"/>
        </class>
        <line num="9" type="method" name="inFile" visibility="public" complexity="1" crap="2.00" count="0"/>
        <line num="10" type="stmt" count="0"/>
        <line num="11" type="stmt" count="0"/>
        <line num="12" type="stmt" count="0"/>
        <metrics loc="13" ncloc="13" classes="1" methods="1" coveredmethods="0" conditionals="0" coveredconditionals="0" statements="3" coveredstatements="0" elements="4" coveredelements="0"/>
      </file>
    </package>
    <metrics files="15" loc="703" ncloc="672" classes="15" methods="46" coveredmethods="5" conditionals="0" coveredconditionals="0" statements="275" coveredstatements="33" elements="321" coveredelements="38"/>
  </project>
</coverage>
